#
# There is insufficient memory for the Java Runtime Environment to continue.
# Native memory allocation (mmap) failed to map 532676608 bytes for G1 virtual space
# Possible reasons:
#   The system is out of physical RAM or swap space
#   The process is running with CompressedOops enabled, and the Java Heap may be blocking the growth of the native heap
# Possible solutions:
#   Reduce memory load on the system
#   Increase physical memory or swap space
#   Check if swap backing store is full
#   Decrease Java heap size (-Xmx/-Xms)
#   Decrease number of Java threads
#   Decrease Java thread stack sizes (-Xss)
#   Set larger code cache with -XX:ReservedCodeCacheSize=
#   JVM is running with Zero Based Compressed Oops mode in which the Java heap is
#     placed in the first 32GB address space. The Java Heap base address is the
#     maximum limit for the native heap growth. Please use -XX:HeapBaseMinAddress
#     to set the Java Heap base and to place the Java Heap above 32GB virtual address.
# This output file may be truncated or incomplete.
#
#  Out of Memory Error (os_windows.cpp:3613), pid=9036, tid=29512
#
# JRE version:  (17.0.9+8) (build )
# Java VM: OpenJDK 64-Bit Server VM (17.0.9+8-LTS, mixed mode, sharing, tiered, compressed oops, compressed class ptrs, g1 gc, windows-amd64)
# No core dump will be written. Minidumps are not enabled by default on client versions of Windows
#

---------------  S U M M A R Y ------------

Command Line: org.jetbrains.kotlin.cli.jvm.K2JVMCompiler @E:\code\GroupProject\BlockingAppProject\Backend\build\20251224_3778697523706610646.compiler.options

Host: 11th Gen Intel(R) Core(TM) i7-11800H @ 2.30GHz, 16 cores, 31G,  Windows 10 , 64 bit Build 19041 (10.0.19041.5915)
Time: Wed Dec 24 10:10:20 2025 SE Asia Standard Time elapsed time: 0.007864 seconds (0d 0h 0m 0s)

---------------  T H R E A D  ---------------

Current thread (0x000001d4864e3660):  JavaThread "Unknown thread" [_thread_in_vm, id=29512, stack(0x000000adcd100000,0x000000adcd200000)]

Stack: [0x000000adcd100000,0x000000adcd200000]
Native frames: (J=compiled Java code, j=interpreted, Vv=VM code, C=native code)
V  [jvm.dll+0x681239]
V  [jvm.dll+0x838dba]
V  [jvm.dll+0x83a87e]
V  [jvm.dll+0x83aee3]
V  [jvm.dll+0x24b92f]
V  [jvm.dll+0x67e049]
V  [jvm.dll+0x67299a]
V  [jvm.dll+0x30b7db]
V  [jvm.dll+0x312c86]
V  [jvm.dll+0x36327e]
V  [jvm.dll+0x3634af]
V  [jvm.dll+0x2e2438]
V  [jvm.dll+0x2e33a4]
V  [jvm.dll+0x80a661]
V  [jvm.dll+0x3710e1]
V  [jvm.dll+0x7e90cc]
V  [jvm.dll+0x3f496f]
V  [jvm.dll+0x3f65a1]
C  [jli.dll+0x532f]
C  [ucrtbase.dll+0x21bb2]
C  [KERNEL32.DLL+0x17374]
C  [ntdll.dll+0x4cc91]


---------------  P R O C E S S  ---------------

Threads class SMR info:
_java_thread_list=0x00007ff8da653f58, length=0, elements={
}

Java Threads: ( => current thread )

Other Threads:
  0x000001d48658f300 GCTaskThread "GC Thread#0" [stack: 0x000000adcd200000,0x000000adcd300000] [id=27060]
  0x000001d48659e0f0 ConcurrentGCThread "G1 Main Marker" [stack: 0x000000adcd300000,0x000000adcd400000] [id=27944]
  0x000001d48659eb10 ConcurrentGCThread "G1 Conc#0" [stack: 0x000000adcd400000,0x000000adcd500000] [id=22140]

[error occurred during error reporting (printing all threads), id 0xc0000005, EXCEPTION_ACCESS_VIOLATION (0xc0000005) at pc=0x00007ff8d9e12e17]

VM state: not at safepoint (not fully initialized)

VM Mutex/Monitor currently owned by a thread:  ([mutex/lock_event])
[0x000001d4864df070] Heap_lock - owner thread: 0x000001d4864e3660

Heap address: 0x0000000604000000, size: 8128 MB, Compressed Oops mode: Zero based, Oop shift amount: 3

CDS archive(s) mapped at: [0x0000000000000000-0x0000000000000000-0x0000000000000000), size 0, SharedBaseAddress: 0x0000000800000000, ArchiveRelocationMode: 1.
Narrow klass base: 0x0000000000000000, Narrow klass shift: 0, Narrow klass range: 0x0

GC Precious Log:
<Empty>

Heap:
 garbage-first heap   total 0K, used 0K [0x0000000604000000, 0x0000000800000000)
  region size 4096K, 0 young (0K), 0 survivors (0K)

[error occurred during error reporting (printing heap information), id 0xc0000005, EXCEPTION_ACCESS_VIOLATION (0xc0000005) at pc=0x00007ff8da1faf69]

GC Heap History (0 events):
No events

Dll operation events (1 events):
Event: 0.005 Loaded shared library C:\Program Files\Zulu\zulu-17\bin\java.dll

Deoptimization events (0 events):
No events

Classes unloaded (0 events):
No events

Classes redefined (0 events):
No events

Internal exceptions (0 events):
No events

VM Operations (0 events):
No events

Events (0 events):
No events


Dynamic libraries:
0x00007ff707c20000 - 0x00007ff707c2e000 	C:\Program Files\Zulu\zulu-17\bin\java.exe
0x00007ff9a3570000 - 0x00007ff9a3768000 	C:\WINDOWS\SYSTEM32\ntdll.dll
0x00007ff9a26a0000 - 0x00007ff9a2762000 	C:\WINDOWS\System32\KERNEL32.DLL
0x00007ff9a0f30000 - 0x00007ff9a1226000 	C:\WINDOWS\System32\KERNELBASE.dll
0x00007ff9a12b0000 - 0x00007ff9a13b0000 	C:\WINDOWS\System32\ucrtbase.dll
0x00007ff8dd0a0000 - 0x00007ff8dd0b9000 	C:\Program Files\Zulu\zulu-17\bin\jli.dll
0x00007ff908ce0000 - 0x00007ff908cfb000 	C:\Program Files\Zulu\zulu-17\bin\VCRUNTIME140.dll
0x00007ff9a2a60000 - 0x00007ff9a2c01000 	C:\WINDOWS\System32\USER32.dll
0x00007ff9a0de0000 - 0x00007ff9a0e02000 	C:\WINDOWS\System32\win32u.dll
0x00007ff97cfc0000 - 0x00007ff97d25b000 	C:\WINDOWS\WinSxS\amd64_microsoft.windows.common-controls_6595b64144ccf1df_6.0.19041.6456_none_60b8a6cb71f64256\COMCTL32.dll
0x00007ff9a3500000 - 0x00007ff9a352b000 	C:\WINDOWS\System32\GDI32.dll
0x00007ff9a2830000 - 0x00007ff9a28ce000 	C:\WINDOWS\System32\msvcrt.dll
0x00007ff9a0e10000 - 0x00007ff9a0f29000 	C:\WINDOWS\System32\gdi32full.dll
0x00007ff9a0c00000 - 0x00007ff9a0c9d000 	C:\WINDOWS\System32\msvcp_win.dll
0x00007ff9a2c10000 - 0x00007ff9a2c3f000 	C:\WINDOWS\System32\IMM32.DLL
0x00007ff9110e0000 - 0x00007ff9110ec000 	C:\Program Files\Zulu\zulu-17\bin\vcruntime140_1.dll
0x00007ff8db180000 - 0x00007ff8db20d000 	C:\Program Files\Zulu\zulu-17\bin\msvcp140.dll
0x00007ff8d9b20000 - 0x00007ff8da787000 	C:\Program Files\Zulu\zulu-17\bin\server\jvm.dll
0x00007ff9a2770000 - 0x00007ff9a2821000 	C:\WINDOWS\System32\ADVAPI32.dll
0x00007ff9a3460000 - 0x00007ff9a34ff000 	C:\WINDOWS\System32\sechost.dll
0x00007ff9a30b0000 - 0x00007ff9a31d0000 	C:\WINDOWS\System32\RPCRT4.dll
0x00007ff9a1400000 - 0x00007ff9a1427000 	C:\WINDOWS\System32\bcrypt.dll
0x00007ff9a0100000 - 0x00007ff9a014b000 	C:\WINDOWS\SYSTEM32\POWRPROF.dll
0x00007ff9957a0000 - 0x00007ff9957aa000 	C:\WINDOWS\SYSTEM32\VERSION.dll
0x00007ff991890000 - 0x00007ff9918b7000 	C:\WINDOWS\SYSTEM32\WINMM.dll
0x00007ff97e3a0000 - 0x00007ff97e3a9000 	C:\WINDOWS\SYSTEM32\WSOCK32.dll
0x00007ff9a3280000 - 0x00007ff9a32eb000 	C:\WINDOWS\System32\WS2_32.dll
0x00007ff99ffc0000 - 0x00007ff99ffd2000 	C:\WINDOWS\SYSTEM32\UMPDC.dll
0x00007ff99f3d0000 - 0x00007ff99f3e2000 	C:\WINDOWS\SYSTEM32\kernel.appcore.dll
0x00007ff90a7b0000 - 0x00007ff90a7ba000 	C:\Program Files\Zulu\zulu-17\bin\jimage.dll
0x00007ff99eef0000 - 0x00007ff99f0f1000 	C:\WINDOWS\SYSTEM32\DBGHELP.DLL
0x00007ff9767d0000 - 0x00007ff976804000 	C:\WINDOWS\SYSTEM32\dbgcore.DLL
0x00007ff9a0d50000 - 0x00007ff9a0dd2000 	C:\WINDOWS\System32\bcryptPrimitives.dll
0x00007ff8db140000 - 0x00007ff8db165000 	C:\Program Files\Zulu\zulu-17\bin\java.dll

dbghelp: loaded successfully - version: 4.0.5 - missing functions: none
symbol engine: initialized successfully - sym options: 0x614 - pdb path: .;C:\Program Files\Zulu\zulu-17\bin;C:\WINDOWS\SYSTEM32;C:\WINDOWS\WinSxS\amd64_microsoft.windows.common-controls_6595b64144ccf1df_6.0.19041.6456_none_60b8a6cb71f64256;C:\Program Files\Zulu\zulu-17\bin\server

VM Arguments:
java_command: org.jetbrains.kotlin.cli.jvm.K2JVMCompiler @E:\code\GroupProject\BlockingAppProject\Backend\build\20251224_3778697523706610646.compiler.options
java_class_path (initial): C:\Users\lamph\.gradle\caches\modules-2\files-2.1\org.jetbrains.kotlin\kotlin-compiler-embeddable\2.0.21\79346ed53db48b18312a472602eb5c057070c54d\kotlin-compiler-embeddable-2.0.21.jar;C:\Users\lamph\.gradle\caches\modules-2\files-2.1\org.jetbrains.kotlin\kotlin-stdlib\2.0.21\618b539767b4899b4660a83006e052b63f1db551\kotlin-stdlib-2.0.21.jar;C:\Users\lamph\.gradle\caches\modules-2\files-2.1\org.jetbrains.kotlin\kotlin-script-runtime\2.0.21\c9b044380ad41f89aa89aa896c2d32a8c0b2129d\kotlin-script-runtime-2.0.21.jar;C:\Users\lamph\.gradle\caches\modules-2\files-2.1\org.jetbrains.kotlin\kotlin-reflect\1.6.10\1cbe9c92c12a94eea200d23c2bbaedaf3daf5132\kotlin-reflect-1.6.10.jar;C:\Users\lamph\.gradle\caches\modules-2\files-2.1\org.jetbrains.kotlin\kotlin-daemon-embeddable\2.0.21\c9e933b23287de9b5a17e2116b4657bb91aea72c\kotlin-daemon-embeddable-2.0.21.jar;C:\Users\lamph\.gradle\caches\modules-2\files-2.1\org.jetbrains.intellij.deps\trove4j\1.0.20200330\3afb14d5f9ceb459d724e907a21145e8ff394f02\trove4j-1.0.20200330.jar;C:\Users\lamph\.gradle\caches\modules-2\files-2.1\org.jetbrains.kotlinx\kotlinx-coroutines-core-jvm\1.6.4\2c997cd1c0ef33f3e751d3831929aeff1390cb30\kotlinx-coroutines-core-jvm-1.6.4.jar;C:\Users\lamph\.gradle\caches\modules-2\files-2.1\org.jetbrains\annotations\13.0\919f0dfe192fb4e063e7dacadee7f8bb9a2672a9\annotations-13.0.jar
Launcher Type: SUN_STANDARD

[Global flags]
     intx CICompilerCount                          = 12                                        {product} {ergonomic}
     uint ConcGCThreads                            = 3                                         {product} {ergonomic}
     uint G1ConcRefinementThreads                  = 13                                        {product} {ergonomic}
   size_t G1HeapRegionSize                         = 4194304                                   {product} {ergonomic}
    uintx GCDrainStackTargetSize                   = 64                                        {product} {ergonomic}
   size_t InitialHeapSize                          = 532676608                                 {product} {ergonomic}
   size_t MarkStackSize                            = 4194304                                   {product} {ergonomic}
   size_t MaxHeapSize                              = 8522825728                                {product} {ergonomic}
   size_t MinHeapDeltaBytes                        = 4194304                                   {product} {ergonomic}
   size_t MinHeapSize                              = 8388608                                   {product} {ergonomic}
    uintx NonNMethodCodeHeapSize                   = 7602480                                {pd product} {ergonomic}
    uintx NonProfiledCodeHeapSize                  = 122027880                              {pd product} {ergonomic}
    uintx ProfiledCodeHeapSize                     = 122027880                              {pd product} {ergonomic}
    uintx ReservedCodeCacheSize                    = 251658240                              {pd product} {ergonomic}
     bool SegmentedCodeCache                       = true                                      {product} {ergonomic}
   size_t SoftMaxHeapSize                          = 8522825728                             {manageable} {ergonomic}
     bool UseCompressedClassPointers               = true                           {product lp64_product} {ergonomic}
     bool UseCompressedOops                        = true                           {product lp64_product} {ergonomic}
     bool UseG1GC                                  = true                                      {product} {ergonomic}
     bool UseLargePagesIndividualAllocation        = false                                  {pd product} {ergonomic}

Logging:
Log output configuration:
 #0: stdout all=warning uptime,level,tags
 #1: stderr all=off uptime,level,tags

Environment Variables:
JAVA_HOME=C:\Program Files\Zulu\zulu-17\
PATH=C:\Python314\Scripts\;C:\Python314\;C:\Program Files\NVIDIA GPU Computing Toolkit\CUDA\v11.2\bin;C:\Program Files\NVIDIA GPU Computing Toolkit\CUDA\v11.2\libnvvp;C:\Program Files\Python311\Scripts\;C:\Program Files\Python311\;C:\Python313\Scripts\;C:\Python313\;C:\Program Files\Python312\Scripts\;C:\Program Files\Python312\;C:\Program Files (x86)\Common Files\Oracle\Java\java8path;C:\Program Files (x86)\Common Files\Oracle\Java\javapath;C:\Program Files\Zulu\zulu-17\bin\;C:\WINDOWS\system32;C:\WINDOWS;C:\WINDOWS\System32\Wbem;C:\WINDOWS\System32\WindowsPowerShell\v1.0\;C:\WINDOWS\System32\OpenSSH\;C:\Program Files\dotnet\;C:\Program Files (x86)\NVIDIA Corporation\PhysX\Common;D:\runtime\win64;D:\bin;D:\polyspace\bin;D:\v1.3.1.0\dll;D:\GITOOLS\dll;C:\Program Files\Git\cmd;C:\Program Files (x86)\Microsoft SQL Server\160\DTS\Binn\;C:\WINDOWS\system32;C:\WINDOWS;C:\WINDOWS\System32\Wbem;C:\WINDOWS\System32\WindowsPowerShell\v1.0\;C:\WINDOWS\System32\OpenSSH\;C:\ProgramData\chocolatey\bin;C:\Program Files\NVIDIA Corporation\NVIDIA App\NvDLISR;C:\Program Files\Cloudflare\Cloudflare WARP\;C:\Program Files\NVIDIA Corporation\Nsight Compute 2020.3.0\;C:\Program Files\nodejs\;C:\Program Files (x86)\ZeroTier\One\;C:\Users\lamph\AppData\Local\Programs\Python\Python311\Scripts\;C:\Users\lamph\AppData\Local\Programs\Python\Python311\;C:\Python313\Scripts\;C:\Python313\;C:\Program Files\Python312\Scripts\;C:\Program Files\Python312\;C:\Program Files (x86)\Common Files\Oracle\Java\java8path;C:\Program Files (x86)\Common Files\Oracle\Java\javapath;C:\Program Files\Zulu\zulu-17\bin\;C:\WINDOWS\system32;C:\WINDOWS;C:\WINDOWS\System32\Wbem;C:\WINDOWS\System32\WindowsPowerShell\v1.0\;C:\WINDOWS\System32\OpenSSH\;C:\Program Files\dotnet\;C:\Program Files (x86)\NVIDIA Corporation\PhysX\Common;D:\runtime\win64;D:\bin;D:\polyspace\bin;C:\Program Files\Cloudflare\Cloudflare WARP\;D:\v1.3.1.0\dll;D:\GITOOLS\dll;C:\Program Files\Git\cmd;C:\Program Files (x86)\Microsoft SQL Server\160\DTS\Bin
USERNAME=lamph
OS=Windows_NT
PROCESSOR_IDENTIFIER=Intel64 Family 6 Model 141 Stepping 1, GenuineIntel
TMP=C:\Users\lamph\AppData\Local\Temp
TEMP=C:\Users\lamph\AppData\Local\Temp



Periodic native trim disabled


---------------  S Y S T E M  ---------------

OS:
 Windows 10 , 64 bit Build 19041 (10.0.19041.5915)
OS uptime: 0 days 1:15 hours
Hyper-V role detected

CPU: total 16 (initial active 16) (8 cores per cpu, 2 threads per core) family 6 model 141 stepping 1 microcode 0x34, cx8, cmov, fxsr, ht, mmx, 3dnowpref, sse, sse2, sse3, ssse3, sse4.1, sse4.2, popcnt, lzcnt, tsc, tscinvbit, avx, avx2, aes, erms, clmul, bmi1, bmi2, adx, avx512f, avx512dq, avx512cd, avx512bw, avx512vl, sha, fma, vzeroupper, avx512_vpopcntdq, avx512_vpclmulqdq, avx512_vaes, avx512_vnni, clflush, clflushopt, clwb, avx512_vbmi2, avx512_vbmi, hv
Processor Information for all 16 processors :
  Max Mhz: 2304, Current Mhz: 2304, Mhz Limit: 2304

Memory: 4k page, system-wide physical 32505M (2585M free)
TotalPageFile size 32505M (AvailPageFile size 512M)
current process WorkingSet (physical memory assigned to process): 10M, peak: 10M
current process commit charge ("private bytes"): 71M, peak: 579M

vm_info: OpenJDK 64-Bit Server VM (17.0.9+8-LTS) for windows-amd64 JRE (17.0.9+8-LTS) (Zulu17.46+19-CA), built on Oct 11 2023 20:47:25 by "zulu_re" with MS VC++ 16.10 / 16.11 (VS2019)

END.
